Determining if the pthread_create exist failed with the following output:
Change Dir: /home/vinicius/Desktop/Projeto_easy/build/CMakeFiles/CMakeTmp

Run Build Command:"/usr/bin/make" "cmTC_7da92/fast"
/usr/bin/make -f CMakeFiles/cmTC_7da92.dir/build.make CMakeFiles/cmTC_7da92.dir/build
make[1]: Entering directory '/home/vinicius/Desktop/Projeto_easy/build/CMakeFiles/CMakeTmp'
Building C object CMakeFiles/cmTC_7da92.dir/CheckSymbolExists.c.o
/usr/bin/cc     -o CMakeFiles/cmTC_7da92.dir/CheckSymbolExists.c.o   -c /home/vinicius/Desktop/Projeto_easy/build/CMakeFiles/CMakeTmp/CheckSymbolExists.c
Linking C executable cmTC_7da92
/usr/bin/cmake -E cmake_link_script CMakeFiles/cmTC_7da92.dir/link.txt --verbose=1
/usr/bin/cc       CMakeFiles/cmTC_7da92.dir/CheckSymbolExists.c.o  -o cmTC_7da92 -rdynamic 
CMakeFiles/cmTC_7da92.dir/CheckSymbolExists.c.o: In function `main':
CheckSymbolExists.c:(.text+0x1b): undefined reference to `pthread_create'
collect2: error: ld returned 1 exit status
CMakeFiles/cmTC_7da92.dir/build.make:97: recipe for target 'cmTC_7da92' failed
make[1]: *** [cmTC_7da92] Error 1
make[1]: Leaving directory '/home/vinicius/Desktop/Projeto_easy/build/CMakeFiles/CMakeTmp'
Makefile:126: recipe for target 'cmTC_7da92/fast' failed
make: *** [cmTC_7da92/fast] Error 2

File /home/vinicius/Desktop/Projeto_easy/build/CMakeFiles/CMakeTmp/CheckSymbolExists.c:
/* */
#include <pthread.h>

int main(int argc, char** argv)
{
  (void)argv;
#ifndef pthread_create
  return ((int*)(&pthread_create))[argc];
#else
  (void)argc;
  return 0;
#endif
}

Determining if the function pthread_create exists in the pthreads failed with the following output:
Change Dir: /home/vinicius/Desktop/Projeto_easy/build/CMakeFiles/CMakeTmp

Run Build Command:"/usr/bin/make" "cmTC_20db1/fast"
/usr/bin/make -f CMakeFiles/cmTC_20db1.dir/build.make CMakeFiles/cmTC_20db1.dir/build
make[1]: Entering directory '/home/vinicius/Desktop/Projeto_easy/build/CMakeFiles/CMakeTmp'
Building C object CMakeFiles/cmTC_20db1.dir/CheckFunctionExists.c.o
/usr/bin/cc    -DCHECK_FUNCTION_EXISTS=pthread_create   -o CMakeFiles/cmTC_20db1.dir/CheckFunctionExists.c.o   -c /usr/share/cmake-3.7/Modules/CheckFunctionExists.c
Linking C executable cmTC_20db1
/usr/bin/cmake -E cmake_link_script CMakeFiles/cmTC_20db1.dir/link.txt --verbose=1
/usr/bin/cc   -DCHECK_FUNCTION_EXISTS=pthread_create    CMakeFiles/cmTC_20db1.dir/CheckFunctionExists.c.o  -o cmTC_20db1 -rdynamic -lpthreads 
/usr/bin/ld: cannot find -lpthreads
collect2: error: ld returned 1 exit status
CMakeFiles/cmTC_20db1.dir/build.make:97: recipe for target 'cmTC_20db1' failed
make[1]: *** [cmTC_20db1] Error 1
make[1]: Leaving directory '/home/vinicius/Desktop/Projeto_easy/build/CMakeFiles/CMakeTmp'
Makefile:126: recipe for target 'cmTC_20db1/fast' failed
make: *** [cmTC_20db1/fast] Error 2


